2026-01-29 15:27:39 [TestNG-tests-2] DEBUG org.apache.poi.openxml4j.opc.PackageRelationshipCollection - Parsing relationship: /xl/_rels/workbook.xml.rels
2026-01-29 15:27:39 [TestNG-tests-2] DEBUG org.apache.poi.openxml4j.opc.PackageRelationshipCollection - Parsing relationship: /xl/worksheets/_rels/sheet1.xml.rels
2026-01-29 15:27:39 [TestNG-tests-2] DEBUG org.apache.poi.openxml4j.opc.PackageRelationshipCollection - Parsing relationship: /_rels/.rels
2026-01-29 15:27:39 [TestNG-tests-2] INFO  testCases.TC_004_InvalidUserDetails - ** Started TC_004_InvalidUserDetails **
2026-01-29 15:27:39 [TestNG-tests-2] INFO  testCases.TC_004_InvalidUserDetails - Clicked on Login icon
2026-01-29 15:27:40 [TestNG-tests-1] DEBUG org.apache.poi.openxml4j.opc.PackageRelationshipCollection - Parsing relationship: /xl/_rels/workbook.xml.rels
2026-01-29 15:27:40 [TestNG-tests-1] DEBUG org.apache.poi.openxml4j.opc.PackageRelationshipCollection - Parsing relationship: /xl/worksheets/_rels/sheet1.xml.rels
2026-01-29 15:27:40 [TestNG-tests-1] DEBUG org.apache.poi.openxml4j.opc.PackageRelationshipCollection - Parsing relationship: /_rels/.rels
2026-01-29 15:27:40 [TestNG-tests-1] INFO  testCases.TC_004_InvalidUserDetails - ** Started TC_004_InvalidUserDetails **
2026-01-29 15:27:41 [TestNG-tests-2] INFO  testCases.TC_004_InvalidUserDetails - Selected Google as Signin Option
2026-01-29 15:27:41 [TestNG-tests-2] INFO  testCases.TC_004_InvalidUserDetails - Switched to Login Page
2026-01-29 15:27:41 [TestNG-tests-1] INFO  testCases.TC_004_InvalidUserDetails - Clicked on Login icon
2026-01-29 15:27:42 [TestNG-tests-1] INFO  testCases.TC_004_InvalidUserDetails - Selected Google as Signin Option
2026-01-29 15:27:42 [TestNG-tests-1] INFO  testCases.TC_004_InvalidUserDetails - Switched to Login Page
2026-01-29 15:27:44 [TestNG-tests-2] INFO  testCases.TC_004_InvalidUserDetails - Invalid input is entered
2026-01-29 15:27:44 [TestNG-tests-1] INFO  testCases.TC_004_InvalidUserDetails - Invalid input is entered
2026-01-29 15:27:45 [TestNG-tests-2] INFO  testCases.TC_004_InvalidUserDetails - Clicked on Next Button
2026-01-29 15:27:45 [TestNG-tests-1] INFO  testCases.TC_004_InvalidUserDetails - Clicked on Next Button
2026-01-29 15:27:45 [TestNG-tests-2] INFO  testCases.TC_004_InvalidUserDetails - Captured a ScreenShot
2026-01-29 15:27:45 [TestNG-tests-2] INFO  testCases.TC_004_InvalidUserDetails - ** Finished TC_004_InvalidUserDetails **
2026-01-29 15:27:47 [TestNG-tests-1] INFO  testCases.TC_004_InvalidUserDetails - Captured a ScreenShot
2026-01-29 15:27:47 [TestNG-tests-1] INFO  testCases.TC_004_InvalidUserDetails - ** Finished TC_004_InvalidUserDetails **
